{"/Users/samy/projects/eic-modern/packages/core/src/index.ts": {"path":"/Users/samy/projects/eic-modern/packages/core/src/index.ts","all":false,"statementMap":{"6":{"start":{"line":7,"column":0},"end":{"line":7,"column":20}},"7":{"start":{"line":8,"column":0},"end":{"line":8,"column":11}},"8":{"start":{"line":9,"column":0},"end":{"line":9,"column":11}},"9":{"start":{"line":10,"column":0},"end":{"line":10,"column":11}},"10":{"start":{"line":11,"column":0},"end":{"line":11,"column":11}},"11":{"start":{"line":12,"column":0},"end":{"line":12,"column":11}},"12":{"start":{"line":13,"column":0},"end":{"line":13,"column":11}},"13":{"start":{"line":14,"column":0},"end":{"line":14,"column":11}},"14":{"start":{"line":15,"column":0},"end":{"line":15,"column":11}},"15":{"start":{"line":16,"column":0},"end":{"line":16,"column":11}},"16":{"start":{"line":17,"column":0},"end":{"line":17,"column":11}},"17":{"start":{"line":18,"column":0},"end":{"line":18,"column":10}},"18":{"start":{"line":19,"column":0},"end":{"line":19,"column":10}},"19":{"start":{"line":20,"column":0},"end":{"line":20,"column":10}},"20":{"start":{"line":21,"column":0},"end":{"line":21,"column":10}},"21":{"start":{"line":22,"column":0},"end":{"line":22,"column":10}},"22":{"start":{"line":23,"column":0},"end":{"line":23,"column":10}},"23":{"start":{"line":24,"column":0},"end":{"line":24,"column":10}},"24":{"start":{"line":25,"column":0},"end":{"line":25,"column":10}},"25":{"start":{"line":26,"column":0},"end":{"line":26,"column":10}},"26":{"start":{"line":27,"column":0},"end":{"line":27,"column":10}},"27":{"start":{"line":28,"column":0},"end":{"line":28,"column":10}},"28":{"start":{"line":29,"column":0},"end":{"line":29,"column":10}},"29":{"start":{"line":30,"column":0},"end":{"line":30,"column":10}},"30":{"start":{"line":31,"column":0},"end":{"line":31,"column":10}},"31":{"start":{"line":32,"column":0},"end":{"line":32,"column":10}},"32":{"start":{"line":33,"column":0},"end":{"line":33,"column":10}},"33":{"start":{"line":34,"column":0},"end":{"line":34,"column":10}},"34":{"start":{"line":35,"column":0},"end":{"line":35,"column":10}},"35":{"start":{"line":36,"column":0},"end":{"line":36,"column":10}},"36":{"start":{"line":37,"column":0},"end":{"line":37,"column":10}},"37":{"start":{"line":38,"column":0},"end":{"line":38,"column":10}},"38":{"start":{"line":39,"column":0},"end":{"line":39,"column":10}},"39":{"start":{"line":40,"column":0},"end":{"line":40,"column":10}},"40":{"start":{"line":41,"column":0},"end":{"line":41,"column":10}},"41":{"start":{"line":42,"column":0},"end":{"line":42,"column":10}},"42":{"start":{"line":43,"column":0},"end":{"line":43,"column":10}},"43":{"start":{"line":44,"column":0},"end":{"line":44,"column":12}},"44":{"start":{"line":45,"column":0},"end":{"line":45,"column":11}},"47":{"start":{"line":48,"column":0},"end":{"line":48,"column":102}},"49":{"start":{"line":50,"column":0},"end":{"line":50,"column":37}},"50":{"start":{"line":51,"column":0},"end":{"line":51,"column":52}},"51":{"start":{"line":52,"column":0},"end":{"line":52,"column":1}},"53":{"start":{"line":54,"column":0},"end":{"line":54,"column":54}},"54":{"start":{"line":55,"column":0},"end":{"line":55,"column":28}},"55":{"start":{"line":56,"column":0},"end":{"line":56,"column":1}},"58":{"start":{"line":59,"column":0},"end":{"line":59,"column":39}},"59":{"start":{"line":60,"column":0},"end":{"line":60,"column":15}},"60":{"start":{"line":61,"column":0},"end":{"line":61,"column":14}},"61":{"start":{"line":62,"column":0},"end":{"line":62,"column":27}},"62":{"start":{"line":63,"column":0},"end":{"line":63,"column":18}},"63":{"start":{"line":64,"column":0},"end":{"line":64,"column":18}},"64":{"start":{"line":65,"column":0},"end":{"line":65,"column":18}},"65":{"start":{"line":66,"column":0},"end":{"line":66,"column":20}},"66":{"start":{"line":67,"column":0},"end":{"line":67,"column":2}},"69":{"start":{"line":70,"column":0},"end":{"line":70,"column":68}},"70":{"start":{"line":71,"column":0},"end":{"line":71,"column":45}},"71":{"start":{"line":72,"column":0},"end":{"line":72,"column":42}},"72":{"start":{"line":73,"column":0},"end":{"line":73,"column":47}},"73":{"start":{"line":74,"column":0},"end":{"line":74,"column":41}},"74":{"start":{"line":75,"column":0},"end":{"line":75,"column":42}},"75":{"start":{"line":76,"column":0},"end":{"line":76,"column":43}},"76":{"start":{"line":77,"column":0},"end":{"line":77,"column":41}},"77":{"start":{"line":78,"column":0},"end":{"line":78,"column":41}},"78":{"start":{"line":79,"column":0},"end":{"line":79,"column":41}},"79":{"start":{"line":80,"column":0},"end":{"line":80,"column":46}},"80":{"start":{"line":81,"column":0},"end":{"line":81,"column":43}},"81":{"start":{"line":82,"column":0},"end":{"line":82,"column":44}},"82":{"start":{"line":83,"column":0},"end":{"line":83,"column":42}},"83":{"start":{"line":84,"column":0},"end":{"line":84,"column":42}},"84":{"start":{"line":85,"column":0},"end":{"line":85,"column":42}},"85":{"start":{"line":86,"column":0},"end":{"line":86,"column":42}},"86":{"start":{"line":87,"column":0},"end":{"line":87,"column":43}},"87":{"start":{"line":88,"column":0},"end":{"line":88,"column":42}},"88":{"start":{"line":89,"column":0},"end":{"line":89,"column":42}},"89":{"start":{"line":90,"column":0},"end":{"line":90,"column":43}},"90":{"start":{"line":91,"column":0},"end":{"line":91,"column":52}},"91":{"start":{"line":92,"column":0},"end":{"line":92,"column":42}},"92":{"start":{"line":93,"column":0},"end":{"line":93,"column":44}},"93":{"start":{"line":94,"column":0},"end":{"line":94,"column":43}},"94":{"start":{"line":95,"column":0},"end":{"line":95,"column":41}},"95":{"start":{"line":96,"column":0},"end":{"line":96,"column":42}},"96":{"start":{"line":97,"column":0},"end":{"line":97,"column":45}},"97":{"start":{"line":98,"column":0},"end":{"line":98,"column":42}},"98":{"start":{"line":99,"column":0},"end":{"line":99,"column":45}},"99":{"start":{"line":100,"column":0},"end":{"line":100,"column":42}},"100":{"start":{"line":101,"column":0},"end":{"line":101,"column":43}},"101":{"start":{"line":102,"column":0},"end":{"line":102,"column":48}},"102":{"start":{"line":103,"column":0},"end":{"line":103,"column":47}},"103":{"start":{"line":104,"column":0},"end":{"line":104,"column":41}},"104":{"start":{"line":105,"column":0},"end":{"line":105,"column":49}},"105":{"start":{"line":106,"column":0},"end":{"line":106,"column":47}},"106":{"start":{"line":107,"column":0},"end":{"line":107,"column":41}},"107":{"start":{"line":108,"column":0},"end":{"line":108,"column":49}},"108":{"start":{"line":109,"column":0},"end":{"line":109,"column":50}},"109":{"start":{"line":110,"column":0},"end":{"line":110,"column":47}},"110":{"start":{"line":111,"column":0},"end":{"line":111,"column":46}},"111":{"start":{"line":112,"column":0},"end":{"line":112,"column":47}},"112":{"start":{"line":113,"column":0},"end":{"line":113,"column":41}},"113":{"start":{"line":114,"column":0},"end":{"line":114,"column":48}},"114":{"start":{"line":115,"column":0},"end":{"line":115,"column":41}},"115":{"start":{"line":116,"column":0},"end":{"line":116,"column":45}},"116":{"start":{"line":117,"column":0},"end":{"line":117,"column":54}},"117":{"start":{"line":118,"column":0},"end":{"line":118,"column":44}},"118":{"start":{"line":119,"column":0},"end":{"line":119,"column":52}},"119":{"start":{"line":120,"column":0},"end":{"line":120,"column":41}},"120":{"start":{"line":121,"column":0},"end":{"line":121,"column":46}},"121":{"start":{"line":122,"column":0},"end":{"line":122,"column":57}},"122":{"start":{"line":123,"column":0},"end":{"line":123,"column":47}},"123":{"start":{"line":124,"column":0},"end":{"line":124,"column":44}},"124":{"start":{"line":125,"column":0},"end":{"line":125,"column":51}},"125":{"start":{"line":126,"column":0},"end":{"line":126,"column":41}},"126":{"start":{"line":127,"column":0},"end":{"line":127,"column":48}},"127":{"start":{"line":128,"column":0},"end":{"line":128,"column":52}},"128":{"start":{"line":129,"column":0},"end":{"line":129,"column":54}},"129":{"start":{"line":130,"column":0},"end":{"line":130,"column":42}},"130":{"start":{"line":131,"column":0},"end":{"line":131,"column":56}},"131":{"start":{"line":132,"column":0},"end":{"line":132,"column":2}},"140":{"start":{"line":141,"column":0},"end":{"line":141,"column":48}},"141":{"start":{"line":142,"column":0},"end":{"line":142,"column":49}},"142":{"start":{"line":143,"column":0},"end":{"line":143,"column":21}},"143":{"start":{"line":144,"column":0},"end":{"line":144,"column":5}},"144":{"start":{"line":145,"column":0},"end":{"line":145,"column":28}},"145":{"start":{"line":146,"column":0},"end":{"line":146,"column":53}},"146":{"start":{"line":147,"column":0},"end":{"line":147,"column":12}},"147":{"start":{"line":148,"column":0},"end":{"line":148,"column":14}},"148":{"start":{"line":149,"column":0},"end":{"line":149,"column":72}},"149":{"start":{"line":150,"column":0},"end":{"line":150,"column":71}},"150":{"start":{"line":151,"column":0},"end":{"line":151,"column":30}},"152":{"start":{"line":153,"column":0},"end":{"line":153,"column":11}},"153":{"start":{"line":154,"column":0},"end":{"line":154,"column":25}},"154":{"start":{"line":155,"column":0},"end":{"line":155,"column":9}},"155":{"start":{"line":156,"column":0},"end":{"line":156,"column":5}},"156":{"start":{"line":157,"column":0},"end":{"line":157,"column":16}},"157":{"start":{"line":158,"column":0},"end":{"line":158,"column":1}},"166":{"start":{"line":167,"column":0},"end":{"line":167,"column":52}},"167":{"start":{"line":168,"column":0},"end":{"line":168,"column":59}},"168":{"start":{"line":169,"column":0},"end":{"line":169,"column":15}},"169":{"start":{"line":170,"column":0},"end":{"line":170,"column":21}},"170":{"start":{"line":171,"column":0},"end":{"line":171,"column":23}},"171":{"start":{"line":172,"column":0},"end":{"line":172,"column":48}},"173":{"start":{"line":174,"column":0},"end":{"line":174,"column":43}},"174":{"start":{"line":175,"column":0},"end":{"line":175,"column":1}},"189":{"start":{"line":190,"column":0},"end":{"line":190,"column":58}},"190":{"start":{"line":191,"column":0},"end":{"line":191,"column":25}},"191":{"start":{"line":192,"column":0},"end":{"line":192,"column":46}},"192":{"start":{"line":193,"column":0},"end":{"line":193,"column":5}},"193":{"start":{"line":194,"column":0},"end":{"line":194,"column":25}},"194":{"start":{"line":195,"column":0},"end":{"line":195,"column":1}},"196":{"start":{"line":197,"column":0},"end":{"line":197,"column":87}},"197":{"start":{"line":198,"column":0},"end":{"line":198,"column":25}},"198":{"start":{"line":199,"column":0},"end":{"line":199,"column":46}},"199":{"start":{"line":200,"column":0},"end":{"line":200,"column":5}},"200":{"start":{"line":201,"column":0},"end":{"line":201,"column":40}},"201":{"start":{"line":202,"column":0},"end":{"line":202,"column":1}},"208":{"start":{"line":209,"column":0},"end":{"line":209,"column":53}},"209":{"start":{"line":210,"column":0},"end":{"line":210,"column":35}},"210":{"start":{"line":211,"column":0},"end":{"line":211,"column":22}},"211":{"start":{"line":212,"column":0},"end":{"line":212,"column":19}},"212":{"start":{"line":213,"column":0},"end":{"line":213,"column":21}},"213":{"start":{"line":214,"column":0},"end":{"line":214,"column":26}},"214":{"start":{"line":215,"column":0},"end":{"line":215,"column":24}},"215":{"start":{"line":216,"column":0},"end":{"line":216,"column":6}},"217":{"start":{"line":218,"column":0},"end":{"line":218,"column":26}},"218":{"start":{"line":219,"column":0},"end":{"line":219,"column":58}},"219":{"start":{"line":220,"column":0},"end":{"line":220,"column":5}},"220":{"start":{"line":221,"column":0},"end":{"line":221,"column":26}},"221":{"start":{"line":222,"column":0},"end":{"line":222,"column":57}},"222":{"start":{"line":223,"column":0},"end":{"line":223,"column":5}},"224":{"start":{"line":225,"column":0},"end":{"line":225,"column":28}},"225":{"start":{"line":226,"column":0},"end":{"line":226,"column":53}},"226":{"start":{"line":227,"column":0},"end":{"line":227,"column":12}},"227":{"start":{"line":228,"column":0},"end":{"line":228,"column":14}},"228":{"start":{"line":229,"column":0},"end":{"line":229,"column":72}},"229":{"start":{"line":230,"column":0},"end":{"line":230,"column":71}},"230":{"start":{"line":231,"column":0},"end":{"line":231,"column":30}},"232":{"start":{"line":233,"column":0},"end":{"line":233,"column":11}},"233":{"start":{"line":234,"column":0},"end":{"line":234,"column":96}},"234":{"start":{"line":235,"column":0},"end":{"line":235,"column":9}},"235":{"start":{"line":236,"column":0},"end":{"line":236,"column":5}},"238":{"start":{"line":239,"column":0},"end":{"line":239,"column":31}},"239":{"start":{"line":240,"column":0},"end":{"line":240,"column":31}},"240":{"start":{"line":241,"column":0},"end":{"line":241,"column":22}},"241":{"start":{"line":242,"column":0},"end":{"line":242,"column":5}},"243":{"start":{"line":244,"column":0},"end":{"line":244,"column":34}},"244":{"start":{"line":245,"column":0},"end":{"line":245,"column":25}},"245":{"start":{"line":246,"column":0},"end":{"line":246,"column":95}},"246":{"start":{"line":247,"column":0},"end":{"line":247,"column":5}},"248":{"start":{"line":249,"column":0},"end":{"line":249,"column":39}},"249":{"start":{"line":250,"column":0},"end":{"line":250,"column":65}},"250":{"start":{"line":251,"column":0},"end":{"line":251,"column":5}},"252":{"start":{"line":253,"column":0},"end":{"line":253,"column":29}},"253":{"start":{"line":254,"column":0},"end":{"line":254,"column":86}},"254":{"start":{"line":255,"column":0},"end":{"line":255,"column":5}},"256":{"start":{"line":257,"column":0},"end":{"line":257,"column":44}},"257":{"start":{"line":258,"column":0},"end":{"line":258,"column":101}},"258":{"start":{"line":259,"column":0},"end":{"line":259,"column":5}},"260":{"start":{"line":261,"column":0},"end":{"line":261,"column":35}},"261":{"start":{"line":262,"column":0},"end":{"line":262,"column":31}},"262":{"start":{"line":263,"column":0},"end":{"line":263,"column":48}},"264":{"start":{"line":265,"column":0},"end":{"line":265,"column":18}},"265":{"start":{"line":266,"column":0},"end":{"line":266,"column":1}},"273":{"start":{"line":274,"column":0},"end":{"line":274,"column":47}},"274":{"start":{"line":275,"column":0},"end":{"line":275,"column":32}},"275":{"start":{"line":276,"column":0},"end":{"line":276,"column":1}},"283":{"start":{"line":284,"column":0},"end":{"line":284,"column":45}},"284":{"start":{"line":285,"column":0},"end":{"line":285,"column":42}},"285":{"start":{"line":286,"column":0},"end":{"line":286,"column":46}},"286":{"start":{"line":287,"column":0},"end":{"line":287,"column":75}},"287":{"start":{"line":288,"column":0},"end":{"line":288,"column":81}},"289":{"start":{"line":290,"column":0},"end":{"line":290,"column":29}},"290":{"start":{"line":291,"column":0},"end":{"line":291,"column":34}},"291":{"start":{"line":292,"column":0},"end":{"line":292,"column":57}},"292":{"start":{"line":293,"column":0},"end":{"line":293,"column":38}},"293":{"start":{"line":294,"column":0},"end":{"line":294,"column":5}},"295":{"start":{"line":296,"column":0},"end":{"line":296,"column":42}},"296":{"start":{"line":297,"column":0},"end":{"line":297,"column":28}},"297":{"start":{"line":298,"column":0},"end":{"line":298,"column":1}},"305":{"start":{"line":306,"column":0},"end":{"line":306,"column":84}},"306":{"start":{"line":307,"column":0},"end":{"line":307,"column":27}},"307":{"start":{"line":308,"column":0},"end":{"line":308,"column":49}},"308":{"start":{"line":309,"column":0},"end":{"line":309,"column":5}},"309":{"start":{"line":310,"column":0},"end":{"line":310,"column":31}},"310":{"start":{"line":311,"column":0},"end":{"line":311,"column":53}},"311":{"start":{"line":312,"column":0},"end":{"line":312,"column":5}},"312":{"start":{"line":313,"column":0},"end":{"line":313,"column":29}},"313":{"start":{"line":314,"column":0},"end":{"line":314,"column":34}},"314":{"start":{"line":315,"column":0},"end":{"line":315,"column":57}},"315":{"start":{"line":316,"column":0},"end":{"line":316,"column":38}},"316":{"start":{"line":317,"column":0},"end":{"line":317,"column":5}},"318":{"start":{"line":319,"column":0},"end":{"line":319,"column":42}},"319":{"start":{"line":320,"column":0},"end":{"line":320,"column":28}},"320":{"start":{"line":321,"column":0},"end":{"line":321,"column":1}}},"s":{"6":1,"7":1,"8":1,"9":1,"10":1,"11":1,"12":1,"13":1,"14":1,"15":1,"16":1,"17":1,"18":1,"19":1,"20":1,"21":1,"22":1,"23":1,"24":1,"25":1,"26":1,"27":1,"28":1,"29":1,"30":1,"31":1,"32":1,"33":1,"34":1,"35":1,"36":1,"37":1,"38":1,"39":1,"40":1,"41":1,"42":1,"43":1,"44":1,"47":1,"49":3254,"50":3254,"51":3254,"53":3254,"54":3254,"55":3254,"58":1,"59":1,"60":1,"61":1,"62":1,"63":1,"64":1,"65":1,"66":1,"69":1,"70":1,"71":1,"72":1,"73":1,"74":1,"75":1,"76":1,"77":1,"78":1,"79":1,"80":1,"81":1,"82":1,"83":1,"84":1,"85":1,"86":1,"87":1,"88":1,"89":1,"90":1,"91":1,"92":1,"93":1,"94":1,"95":1,"96":1,"97":1,"98":1,"99":1,"100":1,"101":1,"102":1,"103":1,"104":1,"105":1,"106":1,"107":1,"108":1,"109":1,"110":1,"111":1,"112":1,"113":1,"114":1,"115":1,"116":1,"117":1,"118":1,"119":1,"120":1,"121":1,"122":1,"123":1,"124":1,"125":1,"126":1,"127":1,"128":1,"129":1,"130":1,"131":1,"140":1,"141":113,"142":10,"143":10,"144":103,"145":113,"146":1582,"147":1582,"148":1582,"149":936,"150":39,"152":1582,"153":5,"154":5,"155":1582,"156":98,"157":98,"166":1,"167":217,"168":217,"169":217,"170":217,"171":217,"173":217,"174":217,"189":1,"190":49,"191":2,"192":2,"193":47,"194":47,"196":1,"197":45,"198":2,"199":2,"200":43,"201":43,"208":1,"209":45,"210":45,"211":45,"212":45,"213":45,"214":45,"215":45,"217":45,"218":10,"219":10,"220":45,"221":1,"222":1,"224":45,"225":45,"226":662,"227":662,"228":662,"229":367,"230":33,"232":662,"233":3,"234":3,"235":662,"238":45,"239":11,"240":11,"241":11,"243":34,"244":45,"245":4,"246":4,"248":45,"249":1,"250":1,"252":45,"253":1,"254":1,"256":45,"257":1,"258":1,"260":34,"261":34,"262":34,"264":34,"265":34,"273":1,"274":25,"275":25,"283":1,"284":122,"285":122,"286":122,"287":122,"289":122,"290":122,"291":1464,"292":1464,"293":1464,"295":122,"296":122,"297":122,"305":1,"306":56,"307":1,"308":1,"309":56,"310":1,"311":1,"312":54,"313":56,"314":648,"315":648,"316":648,"318":54,"319":54,"320":54},"branchMap":{"0":{"type":"branch","line":48,"loc":{"start":{"line":48,"column":69},"end":{"line":48,"column":99}},"locations":[{"start":{"line":48,"column":69},"end":{"line":48,"column":99}}]},"1":{"type":"branch","line":50,"loc":{"start":{"line":50,"column":0},"end":{"line":52,"column":1}},"locations":[{"start":{"line":50,"column":0},"end":{"line":52,"column":1}}]},"2":{"type":"branch","line":54,"loc":{"start":{"line":54,"column":0},"end":{"line":56,"column":1}},"locations":[{"start":{"line":54,"column":0},"end":{"line":56,"column":1}}]},"3":{"type":"branch","line":141,"loc":{"start":{"line":141,"column":7},"end":{"line":158,"column":1}},"locations":[{"start":{"line":141,"column":7},"end":{"line":158,"column":1}}]},"4":{"type":"branch","line":142,"loc":{"start":{"line":142,"column":23},"end":{"line":142,"column":48}},"locations":[{"start":{"line":142,"column":23},"end":{"line":142,"column":48}}]},"5":{"type":"branch","line":142,"loc":{"start":{"line":142,"column":48},"end":{"line":144,"column":5}},"locations":[{"start":{"line":142,"column":48},"end":{"line":144,"column":5}}]},"6":{"type":"branch","line":144,"loc":{"start":{"line":144,"column":4},"end":{"line":146,"column":52}},"locations":[{"start":{"line":144,"column":4},"end":{"line":146,"column":52}}]},"7":{"type":"branch","line":146,"loc":{"start":{"line":146,"column":52},"end":{"line":156,"column":5}},"locations":[{"start":{"line":146,"column":52},"end":{"line":156,"column":5}}]},"8":{"type":"branch","line":149,"loc":{"start":{"line":149,"column":38},"end":{"line":149,"column":72}},"locations":[{"start":{"line":149,"column":38},"end":{"line":149,"column":72}}]},"9":{"type":"branch","line":149,"loc":{"start":{"line":149,"column":65},"end":{"line":150,"column":71}},"locations":[{"start":{"line":149,"column":65},"end":{"line":150,"column":71}}]},"10":{"type":"branch","line":150,"loc":{"start":{"line":150,"column":38},"end":{"line":150,"column":71}},"locations":[{"start":{"line":150,"column":38},"end":{"line":150,"column":71}}]},"11":{"type":"branch","line":150,"loc":{"start":{"line":150,"column":65},"end":{"line":151,"column":30}},"locations":[{"start":{"line":150,"column":65},"end":{"line":151,"column":30}}]},"12":{"type":"branch","line":153,"loc":{"start":{"line":153,"column":10},"end":{"line":155,"column":9}},"locations":[{"start":{"line":153,"column":10},"end":{"line":155,"column":9}}]},"13":{"type":"branch","line":156,"loc":{"start":{"line":156,"column":4},"end":{"line":158,"column":1}},"locations":[{"start":{"line":156,"column":4},"end":{"line":158,"column":1}}]},"14":{"type":"branch","line":167,"loc":{"start":{"line":167,"column":7},"end":{"line":175,"column":1}},"locations":[{"start":{"line":167,"column":7},"end":{"line":175,"column":1}}]},"15":{"type":"branch","line":172,"loc":{"start":{"line":172,"column":16},"end":{"line":172,"column":45}},"locations":[{"start":{"line":172,"column":16},"end":{"line":172,"column":45}}]},"16":{"type":"branch","line":190,"loc":{"start":{"line":190,"column":7},"end":{"line":195,"column":1}},"locations":[{"start":{"line":190,"column":7},"end":{"line":195,"column":1}}]},"17":{"type":"branch","line":191,"loc":{"start":{"line":191,"column":24},"end":{"line":193,"column":5}},"locations":[{"start":{"line":191,"column":24},"end":{"line":193,"column":5}}]},"18":{"type":"branch","line":193,"loc":{"start":{"line":193,"column":4},"end":{"line":195,"column":1}},"locations":[{"start":{"line":193,"column":4},"end":{"line":195,"column":1}}]},"19":{"type":"branch","line":197,"loc":{"start":{"line":197,"column":7},"end":{"line":202,"column":1}},"locations":[{"start":{"line":197,"column":7},"end":{"line":202,"column":1}}]},"20":{"type":"branch","line":198,"loc":{"start":{"line":198,"column":24},"end":{"line":200,"column":5}},"locations":[{"start":{"line":198,"column":24},"end":{"line":200,"column":5}}]},"21":{"type":"branch","line":200,"loc":{"start":{"line":200,"column":4},"end":{"line":202,"column":1}},"locations":[{"start":{"line":200,"column":4},"end":{"line":202,"column":1}}]},"22":{"type":"branch","line":209,"loc":{"start":{"line":209,"column":7},"end":{"line":266,"column":1}},"locations":[{"start":{"line":209,"column":7},"end":{"line":266,"column":1}}]},"23":{"type":"branch","line":218,"loc":{"start":{"line":218,"column":25},"end":{"line":220,"column":5}},"locations":[{"start":{"line":218,"column":25},"end":{"line":220,"column":5}}]},"24":{"type":"branch","line":221,"loc":{"start":{"line":221,"column":25},"end":{"line":223,"column":5}},"locations":[{"start":{"line":221,"column":25},"end":{"line":223,"column":5}}]},"25":{"type":"branch","line":226,"loc":{"start":{"line":226,"column":52},"end":{"line":236,"column":5}},"locations":[{"start":{"line":226,"column":52},"end":{"line":236,"column":5}}]},"26":{"type":"branch","line":229,"loc":{"start":{"line":229,"column":38},"end":{"line":229,"column":72}},"locations":[{"start":{"line":229,"column":38},"end":{"line":229,"column":72}}]},"27":{"type":"branch","line":229,"loc":{"start":{"line":229,"column":65},"end":{"line":230,"column":71}},"locations":[{"start":{"line":229,"column":65},"end":{"line":230,"column":71}}]},"28":{"type":"branch","line":230,"loc":{"start":{"line":230,"column":38},"end":{"line":230,"column":71}},"locations":[{"start":{"line":230,"column":38},"end":{"line":230,"column":71}}]},"29":{"type":"branch","line":230,"loc":{"start":{"line":230,"column":65},"end":{"line":231,"column":30}},"locations":[{"start":{"line":230,"column":65},"end":{"line":231,"column":30}}]},"30":{"type":"branch","line":233,"loc":{"start":{"line":233,"column":10},"end":{"line":235,"column":9}},"locations":[{"start":{"line":233,"column":10},"end":{"line":235,"column":9}}]},"31":{"type":"branch","line":239,"loc":{"start":{"line":239,"column":30},"end":{"line":242,"column":5}},"locations":[{"start":{"line":239,"column":30},"end":{"line":242,"column":5}}]},"32":{"type":"branch","line":242,"loc":{"start":{"line":242,"column":4},"end":{"line":245,"column":24}},"locations":[{"start":{"line":242,"column":4},"end":{"line":245,"column":24}}]},"33":{"type":"branch","line":245,"loc":{"start":{"line":245,"column":24},"end":{"line":247,"column":5}},"locations":[{"start":{"line":245,"column":24},"end":{"line":247,"column":5}}]},"34":{"type":"branch","line":247,"loc":{"start":{"line":247,"column":4},"end":{"line":249,"column":26}},"locations":[{"start":{"line":247,"column":4},"end":{"line":249,"column":26}}]},"35":{"type":"branch","line":249,"loc":{"start":{"line":249,"column":20},"end":{"line":249,"column":38}},"locations":[{"start":{"line":249,"column":20},"end":{"line":249,"column":38}}]},"36":{"type":"branch","line":249,"loc":{"start":{"line":249,"column":38},"end":{"line":251,"column":5}},"locations":[{"start":{"line":249,"column":38},"end":{"line":251,"column":5}}]},"37":{"type":"branch","line":251,"loc":{"start":{"line":251,"column":4},"end":{"line":253,"column":28}},"locations":[{"start":{"line":251,"column":4},"end":{"line":253,"column":28}}]},"38":{"type":"branch","line":253,"loc":{"start":{"line":253,"column":28},"end":{"line":255,"column":5}},"locations":[{"start":{"line":253,"column":28},"end":{"line":255,"column":5}}]},"39":{"type":"branch","line":255,"loc":{"start":{"line":255,"column":4},"end":{"line":257,"column":43}},"locations":[{"start":{"line":255,"column":4},"end":{"line":257,"column":43}}]},"40":{"type":"branch","line":257,"loc":{"start":{"line":257,"column":43},"end":{"line":259,"column":5}},"locations":[{"start":{"line":257,"column":43},"end":{"line":259,"column":5}}]},"41":{"type":"branch","line":259,"loc":{"start":{"line":259,"column":4},"end":{"line":266,"column":1}},"locations":[{"start":{"line":259,"column":4},"end":{"line":266,"column":1}}]},"42":{"type":"branch","line":274,"loc":{"start":{"line":274,"column":7},"end":{"line":276,"column":1}},"locations":[{"start":{"line":274,"column":7},"end":{"line":276,"column":1}}]},"43":{"type":"branch","line":284,"loc":{"start":{"line":284,"column":7},"end":{"line":298,"column":1}},"locations":[{"start":{"line":284,"column":7},"end":{"line":298,"column":1}}]},"44":{"type":"branch","line":291,"loc":{"start":{"line":291,"column":33},"end":{"line":294,"column":5}},"locations":[{"start":{"line":291,"column":33},"end":{"line":294,"column":5}}]},"45":{"type":"branch","line":306,"loc":{"start":{"line":306,"column":7},"end":{"line":321,"column":1}},"locations":[{"start":{"line":306,"column":7},"end":{"line":321,"column":1}}]},"46":{"type":"branch","line":307,"loc":{"start":{"line":307,"column":26},"end":{"line":309,"column":5}},"locations":[{"start":{"line":307,"column":26},"end":{"line":309,"column":5}}]},"47":{"type":"branch","line":309,"loc":{"start":{"line":309,"column":4},"end":{"line":310,"column":30}},"locations":[{"start":{"line":309,"column":4},"end":{"line":310,"column":30}}]},"48":{"type":"branch","line":310,"loc":{"start":{"line":310,"column":30},"end":{"line":312,"column":5}},"locations":[{"start":{"line":310,"column":30},"end":{"line":312,"column":5}}]},"49":{"type":"branch","line":312,"loc":{"start":{"line":312,"column":4},"end":{"line":314,"column":33}},"locations":[{"start":{"line":312,"column":4},"end":{"line":314,"column":33}}]},"50":{"type":"branch","line":314,"loc":{"start":{"line":314,"column":33},"end":{"line":317,"column":5}},"locations":[{"start":{"line":314,"column":33},"end":{"line":317,"column":5}}]},"51":{"type":"branch","line":317,"loc":{"start":{"line":317,"column":4},"end":{"line":321,"column":1}},"locations":[{"start":{"line":317,"column":4},"end":{"line":321,"column":1}}]}},"b":{"0":[37],"1":[3254],"2":[3254],"3":[113],"4":[107],"5":[10],"6":[103],"7":[1582],"8":[646],"9":[936],"10":[898],"11":[39],"12":[5],"13":[98],"14":[217],"15":[3254],"16":[49],"17":[2],"18":[47],"19":[45],"20":[2],"21":[43],"22":[45],"23":[10],"24":[1],"25":[662],"26":[295],"27":[367],"28":[334],"29":[33],"30":[3],"31":[11],"32":[34],"33":[4],"34":[34],"35":[30],"36":[1],"37":[34],"38":[1],"39":[34],"40":[1],"41":[34],"42":[25],"43":[122],"44":[1464],"45":[56],"46":[1],"47":[55],"48":[1],"49":[54],"50":[648],"51":[54]},"fnMap":{"0":{"name":"mapping","decl":{"start":{"line":50,"column":0},"end":{"line":52,"column":1}},"loc":{"start":{"line":50,"column":0},"end":{"line":52,"column":1}},"line":50},"1":{"name":"weighting","decl":{"start":{"line":54,"column":0},"end":{"line":56,"column":1}},"loc":{"start":{"line":54,"column":0},"end":{"line":56,"column":1}},"line":54},"2":{"name":"mayBeEIC","decl":{"start":{"line":141,"column":7},"end":{"line":158,"column":1}},"loc":{"start":{"line":141,"column":7},"end":{"line":158,"column":1}},"line":141},"3":{"name":"calcCheckChar","decl":{"start":{"line":167,"column":7},"end":{"line":175,"column":1}},"loc":{"start":{"line":167,"column":7},"end":{"line":175,"column":1}},"line":167},"4":{"name":"getType","decl":{"start":{"line":190,"column":7},"end":{"line":195,"column":1}},"loc":{"start":{"line":190,"column":7},"end":{"line":195,"column":1}},"line":190},"5":{"name":"getIssuer","decl":{"start":{"line":197,"column":7},"end":{"line":202,"column":1}},"loc":{"start":{"line":197,"column":7},"end":{"line":202,"column":1}},"line":197},"6":{"name":"examine","decl":{"start":{"line":209,"column":7},"end":{"line":266,"column":1}},"loc":{"start":{"line":209,"column":7},"end":{"line":266,"column":1}},"line":209},"7":{"name":"isValid","decl":{"start":{"line":274,"column":7},"end":{"line":276,"column":1}},"loc":{"start":{"line":274,"column":7},"end":{"line":276,"column":1}},"line":274},"8":{"name":"generateRandomEIC","decl":{"start":{"line":284,"column":7},"end":{"line":298,"column":1}},"loc":{"start":{"line":284,"column":7},"end":{"line":298,"column":1}},"line":284},"9":{"name":"generateEICWithTypeAndIssuer","decl":{"start":{"line":306,"column":7},"end":{"line":321,"column":1}},"loc":{"start":{"line":306,"column":7},"end":{"line":321,"column":1}},"line":306}},"f":{"0":3254,"1":3254,"2":113,"3":217,"4":49,"5":45,"6":45,"7":25,"8":122,"9":56}}
}
